#
# A fatal error has been detected by the Java Runtime Environment:
#
#  EXCEPTION_ACCESS_VIOLATION (0xc0000005) at pc=0x000000005db28b35, pid=7164, tid=7204
#
# JRE version: Java(TM) SE Runtime Environment (8.0_66-b18) (build 1.8.0_66-b18)
# Java VM: Java HotSpot(TM) 64-Bit Server VM (25.66-b18 mixed mode windows-amd64 compressed oops)
# Problematic frame:
# V  [jvm.dll+0x128b35]
#
# Failed to write core dump. Minidumps are not enabled by default on client versions of Windows
#
# If you would like to submit a bug report, please visit:
#   http://bugreport.java.com/bugreport/crash.jsp
#

---------------  T H R E A D  ---------------

Current thread (0x0000000058652800):  JavaThread "JDWP Transport Listener: dt_socket" daemon [_thread_in_vm, id=7204, stack(0x0000000058cc0000,0x0000000058dc0000)]

siginfo: ExceptionCode=0xc0000005, reading address 0xffffffffffffffff

Registers:
RAX=0x0000000058dbf701, RBX=0x0000000058652800, RCX=0x7379617272416465, RDX=0x0000000000000000
RSP=0x0000000058dbf730, RBP=0x7379617272416465, RSI=0x0000000058dbf848, RDI=0x00000000021ba5f0
R8 =0x0000000058652800, R9 =0x000000000000ff00, R10=0x0000000000000000, R11=0x74614c64002f0012
R12=0x0000000000000000, R13=0x00000000586534f8, R14=0x0000000000000000, R15=0x0000000000000000
RIP=0x000000005db28b35, EFLAGS=0x0000000000010206

Top of Stack: (sp=0x0000000058dbf730)
0x0000000058dbf730:   0000000058652800 0000000058652800
0x0000000058dbf740:   0000000058dbf7f8 000000005dd2e2eb
0x0000000058dbf750:   0000000058652800 000000005dd4ab4d
0x0000000058dbf760:   0000000000000000 0000000073ca9155
0x0000000058dbf770:   000000005866c350 0000000073cb291e
0x0000000058dbf780:   0000000058652800 0000000000000000
0x0000000058dbf790:   0000000000000000 0000000000000000
0x0000000058dbf7a0:   7379617272416465 0000000073cb1a15
0x0000000058dbf7b0:   0000000058dbf848 0000000058dbf820
0x0000000058dbf7c0:   0000000000000001 000000005866c350
0x0000000058dbf7d0:   7379617272416465 0000000073c953b3
0x0000000058dbf7e0:   0000000058dbf910 0000000000000001
0x0000000058dbf7f0:   0000000000000001 000000005866c350
0x0000000058dbf800:   000000000000000a 0000000000000000
0x0000000058dbf810:   0000000000000000 0000000000000000
0x0000000058dbf820:   0000000000000001 0000000073c95571 

Instructions: (pc=0x000000005db28b35)
0x000000005db28b15:   cc cc cc cc cc cc cc cc cc cc cc 48 83 ec 28 48
0x000000005db28b25:   85 c9 75 07 33 c0 48 83 c4 28 c3 48 89 5c 24 20
0x000000005db28b35:   48 8b 19 48 85 db 74 20 48 83 fb 37 74 1a 48 8b
0x000000005db28b45:   13 48 8b cb ff 52 10 84 c0 74 0d 48 8b c3 48 8b 


Register to memory mapping:

RAX=0x0000000058dbf701 is pointing into the stack for thread: 0x0000000058652800
RBX=0x0000000058652800 is a thread
RCX=0x7379617272416465 is an unknown value
RDX=0x0000000000000000 is an unknown value
RSP=0x0000000058dbf730 is pointing into the stack for thread: 0x0000000058652800
RBP=0x7379617272416465 is an unknown value
RSI=0x0000000058dbf848 is pointing into the stack for thread: 0x0000000058652800
RDI=0x00000000021ba5f0 is an unknown value
R8 =0x0000000058652800 is a thread
R9 =0x000000000000ff00 is an unknown value
R10=0x0000000000000000 is an unknown value
R11=0x74614c64002f0012 is an unknown value
R12=0x0000000000000000 is an unknown value
R13=0x00000000586534f8 is an unknown value
R14=0x0000000000000000 is an unknown value
R15=0x0000000000000000 is an unknown value


Stack: [0x0000000058cc0000,0x0000000058dc0000],  sp=0x0000000058dbf730,  free space=1021k
Native frames: (J=compiled Java code, j=interpreted, Vv=VM code, C=native code)
V  [jvm.dll+0x128b35]
V  [jvm.dll+0x34ab4d]
C  [jdwp.dll+0x21a15]
C  [jdwp.dll+0x53b3]
C  [jdwp.dll+0x5571]
C  [jdwp.dll+0xf0a8]
C  [jdwp.dll+0x1f2d5]
C  [jdwp.dll+0x1f4aa]
V  [jvm.dll+0x1bba28]
V  [jvm.dll+0x243274]
V  [jvm.dll+0x29a0fa]
C  [msvcr100.dll+0x21d9f]
C  [msvcr100.dll+0x21e3b]
C  [kernel32.dll+0x159ed]
C  [ntdll.dll+0x2b371]


---------------  P R O C E S S  ---------------

Java Threads: ( => current thread )
  0x00000000586e7800 JavaThread "Service Thread" daemon [_thread_blocked, id=3228, stack(0x0000000059580000,0x0000000059680000)]
  0x00000000586d2800 JavaThread "C1 CompilerThread2" daemon [_thread_blocked, id=208, stack(0x0000000059450000,0x0000000059550000)]
  0x000000005866f000 JavaThread "C2 CompilerThread1" daemon [_thread_blocked, id=2176, stack(0x00000000592b0000,0x00000000593b0000)]
  0x0000000058673800 JavaThread "C2 CompilerThread0" daemon [_thread_blocked, id=1488, stack(0x00000000582b0000,0x00000000583b0000)]
  0x000000005865b800 JavaThread "JDWP Command Reader" daemon [_thread_in_native, id=9860, stack(0x0000000059050000,0x0000000059150000)]
  0x0000000058658000 JavaThread "JDWP Event Helper Thread" daemon [_thread_blocked, id=5400, stack(0x0000000058ee0000,0x0000000058fe0000)]
=>0x0000000058652800 JavaThread "JDWP Transport Listener: dt_socket" daemon [_thread_in_vm, id=7204, stack(0x0000000058cc0000,0x0000000058dc0000)]
  0x0000000058639000 JavaThread "Attach Listener" daemon [_thread_blocked, id=10836, stack(0x0000000058b70000,0x0000000058c70000)]
  0x0000000058638800 JavaThread "Signal Dispatcher" daemon [_thread_blocked, id=8364, stack(0x0000000058080000,0x0000000058180000)]
  0x00000000570c3800 JavaThread "Finalizer" daemon [_thread_blocked, id=12208, stack(0x0000000058530000,0x0000000058630000)]
  0x00000000570c2800 JavaThread "Reference Handler" daemon [_thread_blocked, id=10740, stack(0x00000000583f0000,0x00000000584f0000)]
  0x00000000021bf000 JavaThread "main" [_thread_blocked, id=11664, stack(0x0000000002450000,0x0000000002550000)]

Other Threads:
  0x00000000570bc800 VMThread [stack: 0x00000000581a0000,0x00000000582a0000] [id=12128]
  0x0000000058762000 WatcherThread [stack: 0x00000000596b0000,0x00000000597b0000] [id=11644]

VM state:not at safepoint (normal execution)

VM Mutex/Monitor currently owned by a thread: None

Heap:
 PSYoungGen      total 38400K, used 3328K [0x00000000d5980000, 0x00000000d8400000, 0x0000000100000000)
  eden space 33280K, 10% used [0x00000000d5980000,0x00000000d5cc0180,0x00000000d7a00000)
  from space 5120K, 0% used [0x00000000d7f00000,0x00000000d7f00000,0x00000000d8400000)
  to   space 5120K, 0% used [0x00000000d7a00000,0x00000000d7a00000,0x00000000d7f00000)
 ParOldGen       total 87552K, used 0K [0x0000000080c00000, 0x0000000086180000, 0x00000000d5980000)
  object space 87552K, 0% used [0x0000000080c00000,0x0000000080c00000,0x0000000086180000)
 Metaspace       used 2908K, capacity 4500K, committed 4864K, reserved 1056768K
  class space    used 312K, capacity 388K, committed 512K, reserved 1048576K

Card table byte_map: [0x0000000011910000,0x0000000011d10000] byte_map_base: 0x000000001150a000

Marking Bits: (ParMarkBitMap*) 0x000000005e20a5b0
 Begin Bits: [0x0000000012390000, 0x0000000014360000)
 End Bits:   [0x0000000014360000, 0x0000000016330000)

Polling page: 0x00000000001b0000

CodeCache: size=245760Kb used=1145Kb max_used=1145Kb free=244614Kb
 bounds [0x0000000002550000, 0x00000000027c0000, 0x0000000011550000]
 total_blobs=285 nmethods=49 adapters=157
 compilation: enabled

Compilation events (10 events):
Event: 0.224 Thread 0x00000000586d2800   45  s    1       java.util.Vector::size (5 bytes)
Event: 0.224 Thread 0x00000000586d2800 nmethod 45 0x000000000266b650 code [0x000000000266b7a0, 0x000000000266ba10]
Event: 0.224 Thread 0x00000000586d2800   46       3       java.lang.StringBuilder::toString (17 bytes)
Event: 0.225 Thread 0x00000000586d2800 nmethod 46 0x000000000266ba90 code [0x000000000266bc00, 0x000000000266bde8]
Event: 0.225 Thread 0x00000000586d2800   47       1       java.lang.ThreadLocal::access$400 (5 bytes)
Event: 0.225 Thread 0x00000000586d2800 nmethod 47 0x000000000266be90 code [0x000000000266bfe0, 0x000000000266c0d0]
Event: 0.226 Thread 0x00000000586d2800   48       3       java.lang.String::substring (79 bytes)
Event: 0.226 Thread 0x00000000586d2800 nmethod 48 0x000000000266c150 code [0x000000000266c320, 0x000000000266c818]
Event: 0.235 Thread 0x00000000586d2800   49       3       java.io.WinNTFileSystem::normalize (143 bytes)
Event: 0.236 Thread 0x00000000586d2800 nmethod 49 0x000000000266cad0 code [0x000000000266ccc0, 0x000000000266d548]

GC Heap History (0 events):
No events

Deoptimization events (0 events):
No events

Internal exceptions (2 events):
Event: 0.056 Thread 0x00000000021bf000 Exception <a 'java/lang/NoSuchMethodError': Method sun.misc.Unsafe.defineClass(Ljava/lang/String;[BII)Ljava/lang/Class; name or signature does not match> (0x00000000d5993030) thrown at [C:\re\workspace\8-2-build-windows-amd64-cygwin\jdk8u66\5298\hotspot\sr‰–K·9•¨?
Event: 0.056 Thread 0x00000000021bf000 Exception <a 'java/lang/NoSuchMethodError': Method sun.misc.Unsafe.prefetchRead(Ljava/lang/Object;J)V name or signature does not match> (0x00000000d5993318) thrown at [C:\re\workspace\8-2-build-windows-amd64-cygwin\jdk8u66\5298\hotspot\src\share\vm\prims\j

Events (10 events):
Event: 431.310 Executing VM operation: ChangeBreakpoints
Event: 431.310 Executing VM operation: ChangeBreakpoints done
Event: 431.953 Executing VM operation: ChangeBreakpoints
Event: 431.953 Executing VM operation: ChangeBreakpoints done
Event: 431.965 Executing VM operation: ChangeBreakpoints
Event: 431.965 Executing VM operation: ChangeBreakpoints done
Event: 476.831 Executing VM operation: ChangeBreakpoints
Event: 476.831 Executing VM operation: ChangeBreakpoints done
Event: 1052.908 Executing VM operation: RedefineClasses
Event: 1052.908 Executing VM operation: RedefineClasses done


Dynamic libraries:
0x000000013f7e0000 - 0x000000013f817000 	C:\Program Files\Java\jdk1.8.0_66\bin\java.exe
0x00000000776f0000 - 0x000000007789a000 	C:\Windows\SYSTEM32\ntdll.dll
0x00000000775d0000 - 0x00000000776ef000 	C:\Windows\system32\kernel32.dll
0x000007fefd780000 - 0x000007fefd7eb000 	C:\Windows\system32\KERNELBASE.dll
0x000007feff350000 - 0x000007feff42b000 	C:\Windows\system32\ADVAPI32.dll
0x000007feff2b0000 - 0x000007feff34f000 	C:\Windows\system32\msvcrt.dll
0x000007feff950000 - 0x000007feff96f000 	C:\Windows\SYSTEM32\sechost.dll
0x000007feff430000 - 0x000007feff55d000 	C:\Windows\system32\RPCRT4.dll
0x00000000774d0000 - 0x00000000775ca000 	C:\Windows\system32\USER32.dll
0x000007fefd8f0000 - 0x000007fefd957000 	C:\Windows\system32\GDI32.dll
0x000007feff630000 - 0x000007feff63e000 	C:\Windows\system32\LPK.dll
0x000007feff560000 - 0x000007feff62a000 	C:\Windows\system32\USP10.dll
0x000007fefc0e0000 - 0x000007fefc2d4000 	C:\Windows\WinSxS\amd64_microsoft.windows.common-controls_6595b64144ccf1df_6.0.7601.18837_none_fa3b1e3d17594757\COMCTL32.dll
0x000007fefef60000 - 0x000007fefefd1000 	C:\Windows\system32\SHLWAPI.dll
0x000007feff970000 - 0x000007feff99e000 	C:\Windows\system32\IMM32.DLL
0x000007fefe960000 - 0x000007fefea69000 	C:\Windows\system32\MSCTF.dll
0x00000000730e0000 - 0x00000000731b2000 	C:\Program Files\Java\jdk1.8.0_66\jre\bin\msvcr100.dll
0x000000005da00000 - 0x000000005e289000 	C:\Program Files\Java\jdk1.8.0_66\jre\bin\server\jvm.dll
0x000007fef93e0000 - 0x000007fef93e9000 	C:\Windows\system32\WSOCK32.dll
0x000007fefed00000 - 0x000007fefed4d000 	C:\Windows\system32\WS2_32.dll
0x000007fefea70000 - 0x000007fefea78000 	C:\Windows\system32\NSI.dll
0x000007fefb630000 - 0x000007fefb66b000 	C:\Windows\system32\WINMM.dll
0x000007fefc620000 - 0x000007fefc62c000 	C:\Windows\system32\VERSION.dll
0x00000000778b0000 - 0x00000000778b7000 	C:\Windows\system32\PSAPI.DLL
0x0000000074c30000 - 0x0000000074c3f000 	C:\Program Files\Java\jdk1.8.0_66\jre\bin\verify.dll
0x0000000074c00000 - 0x0000000074c29000 	C:\Program Files\Java\jdk1.8.0_66\jre\bin\java.dll
0x0000000073c90000 - 0x0000000073cc5000 	C:\Program Files\Java\jdk1.8.0_66\jre\bin\jdwp.dll
0x0000000074bf0000 - 0x0000000074bf8000 	C:\Program Files\Java\jdk1.8.0_66\jre\bin\npt.dll
0x0000000074bd0000 - 0x0000000074be6000 	C:\Program Files\Java\jdk1.8.0_66\jre\bin\zip.dll
0x000007fefda60000 - 0x000007fefe7e9000 	C:\Windows\system32\SHELL32.dll
0x000007fefed50000 - 0x000007fefef53000 	C:\Windows\system32\ole32.dll
0x000007fefd540000 - 0x000007fefd54f000 	C:\Windows\system32\profapi.dll
0x0000000073d80000 - 0x0000000073d89000 	C:\Program Files\Java\jdk1.8.0_66\jre\bin\dt_socket.dll
0x000007fefccd0000 - 0x000007fefcd25000 	C:\Windows\system32\mswsock.dll
0x000007fefc6f0000 - 0x000007fefc6f7000 	C:\Windows\System32\wshtcpip.dll
0x000007fef8ea0000 - 0x000007fef8fc5000 	C:\Windows\system32\dbghelp.dll

VM Arguments:
jvm_args: -agentlib:jdwp=transport=dt_socket,address=127.0.0.1:3841,suspend=y,server=n -Dfile.encoding=UTF-8 
java_command: leetcode.MedianofTowSortedArrays_4
java_class_path (initial): C:\Program Files\Java\jdk1.8.0_66\jre\lib\charsets.jar;C:\Program Files\Java\jdk1.8.0_66\jre\lib\deploy.jar;C:\Program Files\Java\jdk1.8.0_66\jre\lib\ext\access-bridge-64.jar;C:\Program Files\Java\jdk1.8.0_66\jre\lib\ext\cldrdata.jar;C:\Program Files\Java\jdk1.8.0_66\jre\lib\ext\dnsns.jar;C:\Program Files\Java\jdk1.8.0_66\jre\lib\ext\jaccess.jar;C:\Program Files\Java\jdk1.8.0_66\jre\lib\ext\jfxrt.jar;C:\Program Files\Java\jdk1.8.0_66\jre\lib\ext\localedata.jar;C:\Program Files\Java\jdk1.8.0_66\jre\lib\ext\nashorn.jar;C:\Program Files\Java\jdk1.8.0_66\jre\lib\ext\sunec.jar;C:\Program Files\Java\jdk1.8.0_66\jre\lib\ext\sunjce_provider.jar;C:\Program Files\Java\jdk1.8.0_66\jre\lib\ext\sunmscapi.jar;C:\Program Files\Java\jdk1.8.0_66\jre\lib\ext\sunpkcs11.jar;C:\Program Files\Java\jdk1.8.0_66\jre\lib\ext\zipfs.jar;C:\Program Files\Java\jdk1.8.0_66\jre\lib\javaws.jar;C:\Program Files\Java\jdk1.8.0_66\jre\lib\jce.jar;C:\Program Files\Java\jdk1.8.0_66\jre\lib\jfr.jar;C:\Program Files\Java\jdk1.8.0_66\jre\lib\jfxswt.jar;C:\Program Files\Java\jdk1.8.0_66\jre\lib\jsse.jar;C:\Program Files\Java\jdk1.8.0_66\jre\lib\management-agent.jar;C:\Program Files\Java\jdk1.8.0_66\jre\lib\plugin.jar;C:\Program Files\Java\jdk1.8.0_66\jre\lib\resources.jar;C:\Program Files\Java\jdk1.8.0_66\jre\lib\rt.jar;D:\Users\Administrator\IdeaProjects\untitled1\out\production\untitled;E:\Program Files (x86)\JetBrains\IntelliJ IDEA 2016.1\lib\idea_rt.jar
Launcher Type: SUN_STANDARD

Environment Variables:
JAVA_HOME=C:\Program Files\Java\jdk1.8.0_66
PATH=E:\csvn\bin\;E:\csvn\Python25\;C:\Windows\system32;C:\Windows;C:\Windows\System32\Wbem;C:\ProgramData\Oracle\Java\javapath;C:\Windows\system32;C:\Windows;C:\Windows\System32\Wbem;C:\Windows\System32\WindowsPowerShell\v1.0\;C:\Windows\System32;C:\Program Files (x86)\Windows Kits\8.1\Windows Performance Toolkit\;C:\Program Files\Microsoft SQL Server\110\Tools\Binn\;C:\Program Files (x86)\Microsoft SDKs\TypeScript\1.0\;C:\Program Files\Microsoft SQL Server\120\Tools\Binn\;C:\Program Files (x86)\MySQL\MySQL Fabric 1.5.3 & MySQL Utilities 1.5.3 1.5\;C:\Program Files (x86)\MySQL\MySQL Fabric 1.5.3 & MySQL Utilities 1.5.3 1.5\Doctrine extensions for PHP\;C:\Program Files (x86)\Microsoft SQL Server\110\Tools\Binn\;C:\Program Files\Microsoft SQL Server\110\DTS\Binn\;C:\Program Files (x86)\Microsoft SQL Server\110\Tools\Binn\ManagementStudio\;C:\Program Files (x86)\Microsoft Visual Studio 10.0\Common7\IDE\PrivateAssemblies\;C:\Program Files (x86)\Microsoft SQL Server\110\DTS\Binn\;E:\proceder\adt-bundle-windows-x86_64-20140321\sdk\platform-tools;E:\proceder\adt-bundle-windows-x86_64-20140321\sdk\tools;C:\Program Files (x86)\GtkSharp\2.12\bin;E:\Program Files (x86)\QuickTime\QTSystem\;E:\Program Files\TortoiseSVN\bin;E:\Program Files (x86)\VisualSVN Server\bin;E:\Program Files\TortoiseGit\bin;H:\1Work\ikvm-7.2.4630.5\bin;C:\Program Files\Java\jdk1.8.0_66;H:\android-ndk-r9c
USERNAME=Administrator
OS=Windows_NT
PROCESSOR_IDENTIFIER=Intel64 Family 6 Model 58 Stepping 9, GenuineIntel



---------------  S Y S T E M  ---------------

OS: Windows 7 , 64 bit Build 7601 (6.1.7601.19135)

CPU:total 4 (2 cores per cpu, 2 threads per core) family 6 model 58 stepping 9, cmov, cx8, fxsr, mmx, sse, sse2, sse3, ssse3, sse4.1, sse4.2, popcnt, avx, aes, clmul, erms, ht, tsc, tscinvbit, tscinv

Memory: 4k page, physical 8335472k(2020572k free), swap 16669108k(6374836k free)

vm_info: Java HotSpot(TM) 64-Bit Server VM (25.66-b18) for windows-amd64 JRE (1.8.0_66-b18), built on Nov  9 2015 10:51:13 by "java_re" with MS VC++ 10.0 (VS2010)

time: Thu Sep 15 15:00:11 2016
elapsed time: 1053 seconds (0d 0h 17m 33s)

