#
# A fatal error has been detected by the Java Runtime Environment:
#
#  EXCEPTION_ACCESS_VIOLATION (0xc0000005) at pc=0x000000005db28b35, pid=5580, tid=5092
#
# JRE version: Java(TM) SE Runtime Environment (8.0_66-b18) (build 1.8.0_66-b18)
# Java VM: Java HotSpot(TM) 64-Bit Server VM (25.66-b18 mixed mode windows-amd64 compressed oops)
# Problematic frame:
# V  [jvm.dll+0x128b35]
#
# Failed to write core dump. Minidumps are not enabled by default on client versions of Windows
#
# If you would like to submit a bug report, please visit:
#   http://bugreport.java.com/bugreport/crash.jsp
#

---------------  T H R E A D  ---------------

Current thread (0x000000005867d800):  JavaThread "JDWP Transport Listener: dt_socket" daemon [_thread_in_vm, id=5092, stack(0x0000000059060000,0x0000000059160000)]

siginfo: ExceptionCode=0xc0000005, reading address 0xffffffffffffffff

Registers:
RAX=0x000000005915f301, RBX=0x000000005867d800, RCX=0x00335f306700345f, RDX=0x0000000000000000
RSP=0x000000005915f2e0, RBP=0x00335f306700345f, RSI=0x000000005915f3f8, RDI=0x00000000002fa5f0
R8 =0x000000005867d800, R9 =0x000000000000ff00, R10=0x0000000000000000, R11=0x746147ae00280013
R12=0x0000000000000000, R13=0x00000000586842a8, R14=0x0000000000000000, R15=0x0000000000000000
RIP=0x000000005db28b35, EFLAGS=0x0000000000010206

Top of Stack: (sp=0x000000005915f2e0)
0x000000005915f2e0:   000000005867d800 000000005867d800
0x000000005915f2f0:   000000005915f3a8 000000005dd2e2eb
0x000000005915f300:   000000005867d800 000000005dd4ab4d
0x000000005915f310:   0000000000000000 0000000073ca9155
0x000000005915f320:   00000000586a02f8 0000000073cb291e
0x000000005915f330:   000000005867d800 0000000000000000
0x000000005915f340:   0000000000000000 0000000000000000
0x000000005915f350:   00335f306700345f 0000000073cb1a15
0x000000005915f360:   000000005915f3f8 000000005915f3d0
0x000000005915f370:   0000000000000001 00000000586a02f8
0x000000005915f380:   00335f306700345f 0000000073c953b3
0x000000005915f390:   000000005915f4c0 0000000000000001
0x000000005915f3a0:   0000000000000001 00000000586a02f8
0x000000005915f3b0:   000000000000000a 0000000000000000
0x000000005915f3c0:   0000000000000000 0000000000000000
0x000000005915f3d0:   0000000000000001 0000000073c95571 

Instructions: (pc=0x000000005db28b35)
0x000000005db28b15:   cc cc cc cc cc cc cc cc cc cc cc 48 83 ec 28 48
0x000000005db28b25:   85 c9 75 07 33 c0 48 83 c4 28 c3 48 89 5c 24 20
0x000000005db28b35:   48 8b 19 48 85 db 74 20 48 83 fb 37 74 1a 48 8b
0x000000005db28b45:   13 48 8b cb ff 52 10 84 c0 74 0d 48 8b c3 48 8b 


Register to memory mapping:

RAX=0x000000005915f301 is pointing into the stack for thread: 0x000000005867d800
RBX=0x000000005867d800 is a thread
RCX=0x00335f306700345f is an unknown value
RDX=0x0000000000000000 is an unknown value
RSP=0x000000005915f2e0 is pointing into the stack for thread: 0x000000005867d800
RBP=0x00335f306700345f is an unknown value
RSI=0x000000005915f3f8 is pointing into the stack for thread: 0x000000005867d800
RDI=0x00000000002fa5f0 is an unknown value
R8 =0x000000005867d800 is a thread
R9 =0x000000000000ff00 is an unknown value
R10=0x0000000000000000 is an unknown value
R11=0x746147ae00280013 is an unknown value
R12=0x0000000000000000 is an unknown value
R13=0x00000000586842a8 is an unknown value
R14=0x0000000000000000 is an unknown value
R15=0x0000000000000000 is an unknown value


Stack: [0x0000000059060000,0x0000000059160000],  sp=0x000000005915f2e0,  free space=1020k
Native frames: (J=compiled Java code, j=interpreted, Vv=VM code, C=native code)
V  [jvm.dll+0x128b35]
V  [jvm.dll+0x34ab4d]
C  [jdwp.dll+0x21a15]
C  [jdwp.dll+0x53b3]
C  [jdwp.dll+0x5571]
C  [jdwp.dll+0xf0a8]
C  [jdwp.dll+0x1f2d5]
C  [jdwp.dll+0x1f4aa]
V  [jvm.dll+0x1bba28]
V  [jvm.dll+0x243274]
V  [jvm.dll+0x29a0fa]
C  [msvcr100.dll+0x21d9f]
C  [msvcr100.dll+0x21e3b]
C  [kernel32.dll+0x159ed]
C  [ntdll.dll+0x2b371]


---------------  P R O C E S S  ---------------

Java Threads: ( => current thread )
  0x000000005871f000 JavaThread "Service Thread" daemon [_thread_blocked, id=2704, stack(0x0000000059550000,0x0000000059650000)]
  0x00000000586aa800 JavaThread "C1 CompilerThread2" daemon [_thread_blocked, id=9052, stack(0x0000000059450000,0x0000000059550000)]
  0x00000000586a1000 JavaThread "C2 CompilerThread1" daemon [_thread_blocked, id=10972, stack(0x0000000058e20000,0x0000000058f20000)]
  0x00000000586a4000 JavaThread "C2 CompilerThread0" daemon [_thread_blocked, id=9732, stack(0x0000000059170000,0x0000000059270000)]
  0x000000005868a000 JavaThread "JDWP Command Reader" daemon [_thread_in_native, id=5396, stack(0x0000000058440000,0x0000000058540000)]
  0x0000000058688800 JavaThread "JDWP Event Helper Thread" daemon [_thread_blocked, id=5592, stack(0x0000000058c10000,0x0000000058d10000)]
=>0x000000005867d800 JavaThread "JDWP Transport Listener: dt_socket" daemon [_thread_in_vm, id=5092, stack(0x0000000059060000,0x0000000059160000)]
  0x0000000058668800 JavaThread "Attach Listener" daemon [_thread_blocked, id=10252, stack(0x0000000058d10000,0x0000000058e10000)]
  0x000000005713f000 JavaThread "Signal Dispatcher" daemon [_thread_blocked, id=7724, stack(0x0000000058b10000,0x0000000058c10000)]
  0x00000000570d3800 JavaThread "Finalizer" daemon [_thread_blocked, id=3264, stack(0x0000000058560000,0x0000000058660000)]
  0x00000000570d2800 JavaThread "Reference Handler" daemon [_thread_blocked, id=10852, stack(0x00000000582e0000,0x00000000583e0000)]
  0x00000000002ff000 JavaThread "main" [_thread_blocked, id=3472, stack(0x0000000002420000,0x0000000002520000)]

Other Threads:
  0x00000000570cc800 VMThread [stack: 0x0000000058150000,0x0000000058250000] [id=7464]
  0x0000000058784800 WatcherThread [stack: 0x00000000592c0000,0x00000000593c0000] [id=12276]

VM state:not at safepoint (normal execution)

VM Mutex/Monitor currently owned by a thread: None

Heap:
 PSYoungGen      total 38400K, used 3328K [0x00000000d5980000, 0x00000000d8400000, 0x0000000100000000)
  eden space 33280K, 10% used [0x00000000d5980000,0x00000000d5cc0180,0x00000000d7a00000)
  from space 5120K, 0% used [0x00000000d7f00000,0x00000000d7f00000,0x00000000d8400000)
  to   space 5120K, 0% used [0x00000000d7a00000,0x00000000d7a00000,0x00000000d7f00000)
 ParOldGen       total 87552K, used 0K [0x0000000080c00000, 0x0000000086180000, 0x00000000d5980000)
  object space 87552K, 0% used [0x0000000080c00000,0x0000000080c00000,0x0000000086180000)
 Metaspace       used 2867K, capacity 4564K, committed 4864K, reserved 1056768K
  class space    used 308K, capacity 388K, committed 512K, reserved 1048576K

Card table byte_map: [0x00000000118e0000,0x0000000011ce0000] byte_map_base: 0x00000000114da000

Marking Bits: (ParMarkBitMap*) 0x000000005e20a5b0
 Begin Bits: [0x00000000123a0000, 0x0000000014370000)
 End Bits:   [0x0000000014370000, 0x0000000016340000)

Polling page: 0x0000000000110000

CodeCache: size=245760Kb used=1139Kb max_used=1139Kb free=244620Kb
 bounds [0x0000000002520000, 0x0000000002790000, 0x0000000011520000]
 total_blobs=276 nmethods=47 adapters=150
 compilation: enabled

Compilation events (10 events):
Event: 0.209 Thread 0x00000000586aa800   43  s    1       java.util.Vector::size (5 bytes)
Event: 0.209 Thread 0x00000000586aa800 nmethod 43 0x0000000002638690 code [0x00000000026387e0, 0x0000000002638a50]
Event: 0.211 Thread 0x00000000586aa800   45       3       java.lang.String::toLowerCase (439 bytes)
Event: 0.214 Thread 0x00000000586aa800 nmethod 45 0x0000000002638ad0 code [0x0000000002638e00, 0x000000000263a6b8]
Event: 0.214 Thread 0x00000000586aa800   46       3       java.io.WinNTFileSystem::normalize (143 bytes)
Event: 0.215 Thread 0x00000000586aa800 nmethod 46 0x000000000263b690 code [0x000000000263b880, 0x000000000263c108]
Event: 0.215 Thread 0x00000000586aa800   47       3       java.lang.AbstractStringBuilder::expandCapacity (50 bytes)
Event: 0.215 Thread 0x00000000586aa800 nmethod 47 0x000000000263c510 code [0x000000000263c6c0, 0x000000000263cc38]
Event: 0.215 Thread 0x00000000586aa800   44       1       java.lang.ThreadLocal::access$400 (5 bytes)
Event: 0.215 Thread 0x00000000586aa800 nmethod 44 0x000000000263ce90 code [0x000000000263cfe0, 0x000000000263d0d0]

GC Heap History (0 events):
No events

Deoptimization events (0 events):
No events

Internal exceptions (2 events):
Event: 0.047 Thread 0x00000000002ff000 Exception <a 'java/lang/NoSuchMethodError': Method sun.misc.Unsafe.defineClass(Ljava/lang/String;[BII)Ljava/lang/Class; name or signature does not match> (0x00000000d59930b8) thrown at [C:\re\workspace\8-2-build-windows-amd64-cygwin\jdk8u66\5298\hotspot\sr.}´º¨?
Event: 0.047 Thread 0x00000000002ff000 Exception <a 'java/lang/NoSuchMethodError': Method sun.misc.Unsafe.prefetchRead(Ljava/lang/Object;J)V name or signature does not match> (0x00000000d59933a0) thrown at [C:\re\workspace\8-2-build-windows-amd64-cygwin\jdk8u66\5298\hotspot\src\share\vm\prims\j

Events (10 events):
Event: 558.158 Executing VM operation: ChangeBreakpoints
Event: 558.158 Executing VM operation: ChangeBreakpoints done
Event: 581.444 Executing VM operation: ChangeBreakpoints
Event: 581.444 Executing VM operation: ChangeBreakpoints done
Event: 780.316 Executing VM operation: ChangeBreakpoints
Event: 780.316 Executing VM operation: ChangeBreakpoints done
Event: 780.318 Executing VM operation: RedefineClasses
Event: 780.318 Executing VM operation: RedefineClasses done
Event: 852.017 Executing VM operation: RedefineClasses
Event: 852.017 Executing VM operation: RedefineClasses done


Dynamic libraries:
0x000000013f7e0000 - 0x000000013f817000 	C:\Program Files\Java\jdk1.8.0_66\bin\java.exe
0x00000000776f0000 - 0x000000007789a000 	C:\Windows\SYSTEM32\ntdll.dll
0x00000000775d0000 - 0x00000000776ef000 	C:\Windows\system32\kernel32.dll
0x000007fefd780000 - 0x000007fefd7eb000 	C:\Windows\system32\KERNELBASE.dll
0x000007feff350000 - 0x000007feff42b000 	C:\Windows\system32\ADVAPI32.dll
0x000007feff2b0000 - 0x000007feff34f000 	C:\Windows\system32\msvcrt.dll
0x000007feff950000 - 0x000007feff96f000 	C:\Windows\SYSTEM32\sechost.dll
0x000007feff430000 - 0x000007feff55d000 	C:\Windows\system32\RPCRT4.dll
0x00000000774d0000 - 0x00000000775ca000 	C:\Windows\system32\USER32.dll
0x000007fefd8f0000 - 0x000007fefd957000 	C:\Windows\system32\GDI32.dll
0x000007feff630000 - 0x000007feff63e000 	C:\Windows\system32\LPK.dll
0x000007feff560000 - 0x000007feff62a000 	C:\Windows\system32\USP10.dll
0x000007fefc0e0000 - 0x000007fefc2d4000 	C:\Windows\WinSxS\amd64_microsoft.windows.common-controls_6595b64144ccf1df_6.0.7601.18837_none_fa3b1e3d17594757\COMCTL32.dll
0x000007fefef60000 - 0x000007fefefd1000 	C:\Windows\system32\SHLWAPI.dll
0x000007feff970000 - 0x000007feff99e000 	C:\Windows\system32\IMM32.DLL
0x000007fefe960000 - 0x000007fefea69000 	C:\Windows\system32\MSCTF.dll
0x00000000730e0000 - 0x00000000731b2000 	C:\Program Files\Java\jdk1.8.0_66\jre\bin\msvcr100.dll
0x000000005da00000 - 0x000000005e289000 	C:\Program Files\Java\jdk1.8.0_66\jre\bin\server\jvm.dll
0x000007fef93e0000 - 0x000007fef93e9000 	C:\Windows\system32\WSOCK32.dll
0x000007fefed00000 - 0x000007fefed4d000 	C:\Windows\system32\WS2_32.dll
0x000007fefea70000 - 0x000007fefea78000 	C:\Windows\system32\NSI.dll
0x000007fefb630000 - 0x000007fefb66b000 	C:\Windows\system32\WINMM.dll
0x000007fefc620000 - 0x000007fefc62c000 	C:\Windows\system32\VERSION.dll
0x00000000778b0000 - 0x00000000778b7000 	C:\Windows\system32\PSAPI.DLL
0x0000000074c30000 - 0x0000000074c3f000 	C:\Program Files\Java\jdk1.8.0_66\jre\bin\verify.dll
0x0000000074c00000 - 0x0000000074c29000 	C:\Program Files\Java\jdk1.8.0_66\jre\bin\java.dll
0x0000000073c90000 - 0x0000000073cc5000 	C:\Program Files\Java\jdk1.8.0_66\jre\bin\jdwp.dll
0x0000000074bf0000 - 0x0000000074bf8000 	C:\Program Files\Java\jdk1.8.0_66\jre\bin\npt.dll
0x0000000074bd0000 - 0x0000000074be6000 	C:\Program Files\Java\jdk1.8.0_66\jre\bin\zip.dll
0x000007fefda60000 - 0x000007fefe7e9000 	C:\Windows\system32\SHELL32.dll
0x000007fefed50000 - 0x000007fefef53000 	C:\Windows\system32\ole32.dll
0x000007fefd540000 - 0x000007fefd54f000 	C:\Windows\system32\profapi.dll
0x0000000073d80000 - 0x0000000073d89000 	C:\Program Files\Java\jdk1.8.0_66\jre\bin\dt_socket.dll
0x000007fefccd0000 - 0x000007fefcd25000 	C:\Windows\system32\mswsock.dll
0x000007fefc6f0000 - 0x000007fefc6f7000 	C:\Windows\System32\wshtcpip.dll
0x000007fef8ea0000 - 0x000007fef8fc5000 	C:\Windows\system32\dbghelp.dll

VM Arguments:
jvm_args: -agentlib:jdwp=transport=dt_socket,address=127.0.0.1:4003,suspend=y,server=n -Dfile.encoding=UTF-8 
java_command: leetcode.MedianofTowSortedArrays_4
java_class_path (initial): C:\Program Files\Java\jdk1.8.0_66\jre\lib\charsets.jar;C:\Program Files\Java\jdk1.8.0_66\jre\lib\deploy.jar;C:\Program Files\Java\jdk1.8.0_66\jre\lib\ext\access-bridge-64.jar;C:\Program Files\Java\jdk1.8.0_66\jre\lib\ext\cldrdata.jar;C:\Program Files\Java\jdk1.8.0_66\jre\lib\ext\dnsns.jar;C:\Program Files\Java\jdk1.8.0_66\jre\lib\ext\jaccess.jar;C:\Program Files\Java\jdk1.8.0_66\jre\lib\ext\jfxrt.jar;C:\Program Files\Java\jdk1.8.0_66\jre\lib\ext\localedata.jar;C:\Program Files\Java\jdk1.8.0_66\jre\lib\ext\nashorn.jar;C:\Program Files\Java\jdk1.8.0_66\jre\lib\ext\sunec.jar;C:\Program Files\Java\jdk1.8.0_66\jre\lib\ext\sunjce_provider.jar;C:\Program Files\Java\jdk1.8.0_66\jre\lib\ext\sunmscapi.jar;C:\Program Files\Java\jdk1.8.0_66\jre\lib\ext\sunpkcs11.jar;C:\Program Files\Java\jdk1.8.0_66\jre\lib\ext\zipfs.jar;C:\Program Files\Java\jdk1.8.0_66\jre\lib\javaws.jar;C:\Program Files\Java\jdk1.8.0_66\jre\lib\jce.jar;C:\Program Files\Java\jdk1.8.0_66\jre\lib\jfr.jar;C:\Program Files\Java\jdk1.8.0_66\jre\lib\jfxswt.jar;C:\Program Files\Java\jdk1.8.0_66\jre\lib\jsse.jar;C:\Program Files\Java\jdk1.8.0_66\jre\lib\management-agent.jar;C:\Program Files\Java\jdk1.8.0_66\jre\lib\plugin.jar;C:\Program Files\Java\jdk1.8.0_66\jre\lib\resources.jar;C:\Program Files\Java\jdk1.8.0_66\jre\lib\rt.jar;D:\Users\Administrator\IdeaProjects\untitled1\out\production\untitled;E:\Program Files (x86)\JetBrains\IntelliJ IDEA 2016.1\lib\idea_rt.jar
Launcher Type: SUN_STANDARD

Environment Variables:
JAVA_HOME=C:\Program Files\Java\jdk1.8.0_66
PATH=E:\csvn\bin\;E:\csvn\Python25\;C:\Windows\system32;C:\Windows;C:\Windows\System32\Wbem;C:\ProgramData\Oracle\Java\javapath;C:\Windows\system32;C:\Windows;C:\Windows\System32\Wbem;C:\Windows\System32\WindowsPowerShell\v1.0\;C:\Windows\System32;C:\Program Files (x86)\Windows Kits\8.1\Windows Performance Toolkit\;C:\Program Files\Microsoft SQL Server\110\Tools\Binn\;C:\Program Files (x86)\Microsoft SDKs\TypeScript\1.0\;C:\Program Files\Microsoft SQL Server\120\Tools\Binn\;C:\Program Files (x86)\MySQL\MySQL Fabric 1.5.3 & MySQL Utilities 1.5.3 1.5\;C:\Program Files (x86)\MySQL\MySQL Fabric 1.5.3 & MySQL Utilities 1.5.3 1.5\Doctrine extensions for PHP\;C:\Program Files (x86)\Microsoft SQL Server\110\Tools\Binn\;C:\Program Files\Microsoft SQL Server\110\DTS\Binn\;C:\Program Files (x86)\Microsoft SQL Server\110\Tools\Binn\ManagementStudio\;C:\Program Files (x86)\Microsoft Visual Studio 10.0\Common7\IDE\PrivateAssemblies\;C:\Program Files (x86)\Microsoft SQL Server\110\DTS\Binn\;E:\proceder\adt-bundle-windows-x86_64-20140321\sdk\platform-tools;E:\proceder\adt-bundle-windows-x86_64-20140321\sdk\tools;C:\Program Files (x86)\GtkSharp\2.12\bin;E:\Program Files (x86)\QuickTime\QTSystem\;E:\Program Files\TortoiseSVN\bin;E:\Program Files (x86)\VisualSVN Server\bin;E:\Program Files\TortoiseGit\bin;H:\1Work\ikvm-7.2.4630.5\bin;C:\Program Files\Java\jdk1.8.0_66;H:\android-ndk-r9c
USERNAME=Administrator
OS=Windows_NT
PROCESSOR_IDENTIFIER=Intel64 Family 6 Model 58 Stepping 9, GenuineIntel



---------------  S Y S T E M  ---------------

OS: Windows 7 , 64 bit Build 7601 (6.1.7601.19135)

CPU:total 4 (2 cores per cpu, 2 threads per core) family 6 model 58 stepping 9, cmov, cx8, fxsr, mmx, sse, sse2, sse3, ssse3, sse4.1, sse4.2, popcnt, avx, aes, clmul, erms, ht, tsc, tscinvbit, tscinv

Memory: 4k page, physical 8335472k(1992972k free), swap 16669108k(6483976k free)

vm_info: Java HotSpot(TM) 64-Bit Server VM (25.66-b18) for windows-amd64 JRE (1.8.0_66-b18), built on Nov  9 2015 10:51:13 by "java_re" with MS VC++ 10.0 (VS2010)

time: Thu Sep 15 15:18:35 2016
elapsed time: 852 seconds (0d 0h 14m 12s)

