#
# A fatal error has been detected by the Java Runtime Environment:
#
#  EXCEPTION_ACCESS_VIOLATION (0xc0000005) at pc=0x000000005db28b35, pid=2288, tid=8988
#
# JRE version: Java(TM) SE Runtime Environment (8.0_66-b18) (build 1.8.0_66-b18)
# Java VM: Java HotSpot(TM) 64-Bit Server VM (25.66-b18 mixed mode windows-amd64 compressed oops)
# Problematic frame:
# V  [jvm.dll+0x128b35]
#
# Failed to write core dump. Minidumps are not enabled by default on client versions of Windows
#
# If you would like to submit a bug report, please visit:
#   http://bugreport.java.com/bugreport/crash.jsp
#

---------------  T H R E A D  ---------------

Current thread (0x000000005850d800):  JavaThread "JDWP Transport Listener: dt_socket" daemon [_thread_in_vm, id=8988, stack(0x0000000058d90000,0x0000000058e90000)]

siginfo: ExceptionCode=0xc0000005, reading address 0xffffffffffffffff

Registers:
RAX=0x0000000058e8f301, RBX=0x000000005850d800, RCX=0x656d2f666100345f, RDX=0x0000000000000000
RSP=0x0000000058e8f2f0, RBP=0x656d2f666100345f, RSI=0x0000000058e8f408, RDI=0x0000000001b9a5f0
R8 =0x000000005850d800, R9 =0x000000000000ff00, R10=0x0000000000000000, R11=0x746152bf002d0013
R12=0x0000000000000000, R13=0x00000000585142a8, R14=0x0000000000000000, R15=0x0000000000000000
RIP=0x000000005db28b35, EFLAGS=0x0000000000010206

Top of Stack: (sp=0x0000000058e8f2f0)
0x0000000058e8f2f0:   000000005850d800 000000005850d800
0x0000000058e8f300:   0000000058e8f3b8 000000005dd2e2eb
0x0000000058e8f310:   000000005850d800 000000005dd4ab4d
0x0000000058e8f320:   0000000000000000 0000000073ca9155
0x0000000058e8f330:   00000000585319d8 0000000073cb291e
0x0000000058e8f340:   000000005850d800 0000000000000000
0x0000000058e8f350:   0000000000000000 0000000000000000
0x0000000058e8f360:   656d2f666100345f 0000000073cb1a15
0x0000000058e8f370:   0000000058e8f408 0000000058e8f3e0
0x0000000058e8f380:   0000000000000001 00000000585319d8
0x0000000058e8f390:   656d2f666100345f 0000000073c953b3
0x0000000058e8f3a0:   0000000058e8f4d0 0000000000000001
0x0000000058e8f3b0:   0000000000000001 00000000585319d8
0x0000000058e8f3c0:   000000000000000a 0000000000000000
0x0000000058e8f3d0:   0000000000000000 0000000000000000
0x0000000058e8f3e0:   0000000000000001 0000000073c95571 

Instructions: (pc=0x000000005db28b35)
0x000000005db28b15:   cc cc cc cc cc cc cc cc cc cc cc 48 83 ec 28 48
0x000000005db28b25:   85 c9 75 07 33 c0 48 83 c4 28 c3 48 89 5c 24 20
0x000000005db28b35:   48 8b 19 48 85 db 74 20 48 83 fb 37 74 1a 48 8b
0x000000005db28b45:   13 48 8b cb ff 52 10 84 c0 74 0d 48 8b c3 48 8b 


Register to memory mapping:

RAX=0x0000000058e8f301 is pointing into the stack for thread: 0x000000005850d800
RBX=0x000000005850d800 is a thread
RCX=0x656d2f666100345f is an unknown value
RDX=0x0000000000000000 is an unknown value
RSP=0x0000000058e8f2f0 is pointing into the stack for thread: 0x000000005850d800
RBP=0x656d2f666100345f is an unknown value
RSI=0x0000000058e8f408 is pointing into the stack for thread: 0x000000005850d800
RDI=0x0000000001b9a5f0 is an unknown value
R8 =0x000000005850d800 is a thread
R9 =0x000000000000ff00 is an unknown value
R10=0x0000000000000000 is an unknown value
R11=0x746152bf002d0013 is an unknown value
R12=0x0000000000000000 is an unknown value
R13=0x00000000585142a8 is an unknown value
R14=0x0000000000000000 is an unknown value
R15=0x0000000000000000 is an unknown value


Stack: [0x0000000058d90000,0x0000000058e90000],  sp=0x0000000058e8f2f0,  free space=1020k
Native frames: (J=compiled Java code, j=interpreted, Vv=VM code, C=native code)
V  [jvm.dll+0x128b35]
V  [jvm.dll+0x34ab4d]
C  [jdwp.dll+0x21a15]
C  [jdwp.dll+0x53b3]
C  [jdwp.dll+0x5571]
C  [jdwp.dll+0xf0a8]
C  [jdwp.dll+0x1f2d5]
C  [jdwp.dll+0x1f4aa]
V  [jvm.dll+0x1bba28]
V  [jvm.dll+0x243274]
V  [jvm.dll+0x29a0fa]
C  [msvcr100.dll+0x21d9f]
C  [msvcr100.dll+0x21e3b]
C  [kernel32.dll+0x159ed]
C  [ntdll.dll+0x2b371]


---------------  P R O C E S S  ---------------

Java Threads: ( => current thread )
  0x00000000585a5800 JavaThread "Service Thread" daemon [_thread_blocked, id=7076, stack(0x0000000058b90000,0x0000000058c90000)]
  0x0000000058532800 JavaThread "C1 CompilerThread2" daemon [_thread_blocked, id=9176, stack(0x00000000595a0000,0x00000000596a0000)]
  0x000000005852b800 JavaThread "C2 CompilerThread1" daemon [_thread_blocked, id=4296, stack(0x00000000593e0000,0x00000000594e0000)]
  0x000000005852a800 JavaThread "C2 CompilerThread0" daemon [_thread_blocked, id=3520, stack(0x00000000592b0000,0x00000000593b0000)]
  0x0000000058524000 JavaThread "JDWP Command Reader" daemon [_thread_in_native, id=6232, stack(0x0000000059130000,0x0000000059230000)]
  0x0000000058519000 JavaThread "JDWP Event Helper Thread" daemon [_thread_blocked, id=6796, stack(0x0000000058f80000,0x0000000059080000)]
=>0x000000005850d800 JavaThread "JDWP Transport Listener: dt_socket" daemon [_thread_in_vm, id=8988, stack(0x0000000058d90000,0x0000000058e90000)]
  0x00000000584f8800 JavaThread "Attach Listener" daemon [_thread_blocked, id=11748, stack(0x0000000058940000,0x0000000058a40000)]
  0x000000005736f000 JavaThread "Signal Dispatcher" daemon [_thread_blocked, id=8908, stack(0x0000000058a40000,0x0000000058b40000)]
  0x0000000057309800 JavaThread "Finalizer" daemon [_thread_blocked, id=2856, stack(0x00000000583f0000,0x00000000584f0000)]
  0x0000000057302800 JavaThread "Reference Handler" daemon [_thread_blocked, id=11708, stack(0x00000000582b0000,0x00000000583b0000)]
  0x0000000001b9f000 JavaThread "main" [_thread_blocked, id=6408, stack(0x00000000023b0000,0x00000000024b0000)]

Other Threads:
  0x00000000572fc800 VMThread [stack: 0x0000000058180000,0x0000000058280000] [id=7348]
  0x0000000058605000 WatcherThread [stack: 0x00000000596d0000,0x00000000597d0000] [id=7704]

VM state:not at safepoint (normal execution)

VM Mutex/Monitor currently owned by a thread: None

Heap:
 PSYoungGen      total 38400K, used 3328K [0x00000000d5980000, 0x00000000d8400000, 0x0000000100000000)
  eden space 33280K, 10% used [0x00000000d5980000,0x00000000d5cc0180,0x00000000d7a00000)
  from space 5120K, 0% used [0x00000000d7f00000,0x00000000d7f00000,0x00000000d8400000)
  to   space 5120K, 0% used [0x00000000d7a00000,0x00000000d7a00000,0x00000000d7f00000)
 ParOldGen       total 87552K, used 0K [0x0000000080c00000, 0x0000000086180000, 0x00000000d5980000)
  object space 87552K, 0% used [0x0000000080c00000,0x0000000080c00000,0x0000000086180000)
 Metaspace       used 2858K, capacity 4564K, committed 4864K, reserved 1056768K
  class space    used 307K, capacity 388K, committed 512K, reserved 1048576K

Card table byte_map: [0x0000000011870000,0x0000000011c70000] byte_map_base: 0x000000001146a000

Marking Bits: (ParMarkBitMap*) 0x000000005e20a5b0
 Begin Bits: [0x00000000125d0000, 0x00000000145a0000)
 End Bits:   [0x00000000145a0000, 0x0000000016570000)

Polling page: 0x0000000001b40000

CodeCache: size=245760Kb used=1136Kb max_used=1136Kb free=244623Kb
 bounds [0x00000000024b0000, 0x0000000002720000, 0x00000000114b0000]
 total_blobs=274 nmethods=45 adapters=150
 compilation: enabled

Compilation events (10 events):
Event: 0.263 Thread 0x0000000058532800   41       3       java.lang.StringBuilder::toString (17 bytes)
Event: 0.263 Thread 0x0000000058532800 nmethod 41 0x00000000025c78d0 code [0x00000000025c7a40, 0x00000000025c7c28]
Event: 0.264 Thread 0x0000000058532800   42       1       java.lang.ThreadLocal::access$400 (5 bytes)
Event: 0.264 Thread 0x0000000058532800 nmethod 42 0x00000000025c7cd0 code [0x00000000025c7e20, 0x00000000025c7f10]
Event: 0.265 Thread 0x0000000058532800   43       3       java.lang.String::toLowerCase (439 bytes)
Event: 0.268 Thread 0x0000000058532800 nmethod 43 0x00000000025c7f90 code [0x00000000025c82c0, 0x00000000025c9b78]
Event: 0.268 Thread 0x0000000058532800   44       3       java.lang.String::substring (79 bytes)
Event: 0.268 Thread 0x0000000058532800 nmethod 44 0x00000000025cab50 code [0x00000000025cad20, 0x00000000025cb218]
Event: 0.275 Thread 0x0000000058532800   45       3       java.io.WinNTFileSystem::normalize (143 bytes)
Event: 0.276 Thread 0x0000000058532800 nmethod 45 0x00000000025cb4d0 code [0x00000000025cb6c0, 0x00000000025cbf48]

GC Heap History (0 events):
No events

Deoptimization events (0 events):
No events

Internal exceptions (2 events):
Event: 0.072 Thread 0x0000000001b9f000 Exception <a 'java/lang/NoSuchMethodError': Method sun.misc.Unsafe.defineClass(Ljava/lang/String;[BII)Ljava/lang/Class; name or signature does not match> (0x00000000d59930b8) thrown at [C:\re\workspace\8-2-build-windows-amd64-cygwin\jdk8u66\5298\hotspot\srÁ©«ØŠ²?
Event: 0.072 Thread 0x0000000001b9f000 Exception <a 'java/lang/NoSuchMethodError': Method sun.misc.Unsafe.prefetchRead(Ljava/lang/Object;J)V name or signature does not match> (0x00000000d59933a0) thrown at [C:\re\workspace\8-2-build-windows-amd64-cygwin\jdk8u66\5298\hotspot\src\share\vm\prims\j

Events (10 events):
Event: 487.632 Executing VM operation: ChangeBreakpoints
Event: 487.632 Executing VM operation: ChangeBreakpoints done
Event: 488.394 Executing VM operation: ChangeBreakpoints
Event: 488.394 Executing VM operation: ChangeBreakpoints done
Event: 511.680 Executing VM operation: ChangeBreakpoints
Event: 511.680 Executing VM operation: ChangeBreakpoints done
Event: 710.970 Executing VM operation: ChangeBreakpoints
Event: 710.970 Executing VM operation: ChangeBreakpoints done
Event: 711.002 Executing VM operation: RedefineClasses
Event: 711.002 Executing VM operation: RedefineClasses done


Dynamic libraries:
0x000000013f7e0000 - 0x000000013f817000 	C:\Program Files\Java\jdk1.8.0_66\bin\java.exe
0x00000000776f0000 - 0x000000007789a000 	C:\Windows\SYSTEM32\ntdll.dll
0x00000000775d0000 - 0x00000000776ef000 	C:\Windows\system32\kernel32.dll
0x000007fefd780000 - 0x000007fefd7eb000 	C:\Windows\system32\KERNELBASE.dll
0x000007feff350000 - 0x000007feff42b000 	C:\Windows\system32\ADVAPI32.dll
0x000007feff2b0000 - 0x000007feff34f000 	C:\Windows\system32\msvcrt.dll
0x000007feff950000 - 0x000007feff96f000 	C:\Windows\SYSTEM32\sechost.dll
0x000007feff430000 - 0x000007feff55d000 	C:\Windows\system32\RPCRT4.dll
0x00000000774d0000 - 0x00000000775ca000 	C:\Windows\system32\USER32.dll
0x000007fefd8f0000 - 0x000007fefd957000 	C:\Windows\system32\GDI32.dll
0x000007feff630000 - 0x000007feff63e000 	C:\Windows\system32\LPK.dll
0x000007feff560000 - 0x000007feff62a000 	C:\Windows\system32\USP10.dll
0x000007fefc0e0000 - 0x000007fefc2d4000 	C:\Windows\WinSxS\amd64_microsoft.windows.common-controls_6595b64144ccf1df_6.0.7601.18837_none_fa3b1e3d17594757\COMCTL32.dll
0x000007fefef60000 - 0x000007fefefd1000 	C:\Windows\system32\SHLWAPI.dll
0x000007feff970000 - 0x000007feff99e000 	C:\Windows\system32\IMM32.DLL
0x000007fefe960000 - 0x000007fefea69000 	C:\Windows\system32\MSCTF.dll
0x00000000730e0000 - 0x00000000731b2000 	C:\Program Files\Java\jdk1.8.0_66\jre\bin\msvcr100.dll
0x000000005da00000 - 0x000000005e289000 	C:\Program Files\Java\jdk1.8.0_66\jre\bin\server\jvm.dll
0x000007fef93e0000 - 0x000007fef93e9000 	C:\Windows\system32\WSOCK32.dll
0x000007fefed00000 - 0x000007fefed4d000 	C:\Windows\system32\WS2_32.dll
0x000007fefea70000 - 0x000007fefea78000 	C:\Windows\system32\NSI.dll
0x000007fefb630000 - 0x000007fefb66b000 	C:\Windows\system32\WINMM.dll
0x000007fefc620000 - 0x000007fefc62c000 	C:\Windows\system32\VERSION.dll
0x00000000778b0000 - 0x00000000778b7000 	C:\Windows\system32\PSAPI.DLL
0x0000000074c30000 - 0x0000000074c3f000 	C:\Program Files\Java\jdk1.8.0_66\jre\bin\verify.dll
0x0000000074c00000 - 0x0000000074c29000 	C:\Program Files\Java\jdk1.8.0_66\jre\bin\java.dll
0x0000000073c90000 - 0x0000000073cc5000 	C:\Program Files\Java\jdk1.8.0_66\jre\bin\jdwp.dll
0x0000000074bf0000 - 0x0000000074bf8000 	C:\Program Files\Java\jdk1.8.0_66\jre\bin\npt.dll
0x0000000074bd0000 - 0x0000000074be6000 	C:\Program Files\Java\jdk1.8.0_66\jre\bin\zip.dll
0x000007fefda60000 - 0x000007fefe7e9000 	C:\Windows\system32\SHELL32.dll
0x000007fefed50000 - 0x000007fefef53000 	C:\Windows\system32\ole32.dll
0x000007fefd540000 - 0x000007fefd54f000 	C:\Windows\system32\profapi.dll
0x0000000073d80000 - 0x0000000073d89000 	C:\Program Files\Java\jdk1.8.0_66\jre\bin\dt_socket.dll
0x000007fefccd0000 - 0x000007fefcd25000 	C:\Windows\system32\mswsock.dll
0x000007fefc6f0000 - 0x000007fefc6f7000 	C:\Windows\System32\wshtcpip.dll
0x000007fef8ea0000 - 0x000007fef8fc5000 	C:\Windows\system32\dbghelp.dll

VM Arguments:
jvm_args: -agentlib:jdwp=transport=dt_socket,address=127.0.0.1:4009,suspend=y,server=n -Dfile.encoding=UTF-8 
java_command: leetcode.MedianofTowSortedArrays_4
java_class_path (initial): C:\Program Files\Java\jdk1.8.0_66\jre\lib\charsets.jar;C:\Program Files\Java\jdk1.8.0_66\jre\lib\deploy.jar;C:\Program Files\Java\jdk1.8.0_66\jre\lib\ext\access-bridge-64.jar;C:\Program Files\Java\jdk1.8.0_66\jre\lib\ext\cldrdata.jar;C:\Program Files\Java\jdk1.8.0_66\jre\lib\ext\dnsns.jar;C:\Program Files\Java\jdk1.8.0_66\jre\lib\ext\jaccess.jar;C:\Program Files\Java\jdk1.8.0_66\jre\lib\ext\jfxrt.jar;C:\Program Files\Java\jdk1.8.0_66\jre\lib\ext\localedata.jar;C:\Program Files\Java\jdk1.8.0_66\jre\lib\ext\nashorn.jar;C:\Program Files\Java\jdk1.8.0_66\jre\lib\ext\sunec.jar;C:\Program Files\Java\jdk1.8.0_66\jre\lib\ext\sunjce_provider.jar;C:\Program Files\Java\jdk1.8.0_66\jre\lib\ext\sunmscapi.jar;C:\Program Files\Java\jdk1.8.0_66\jre\lib\ext\sunpkcs11.jar;C:\Program Files\Java\jdk1.8.0_66\jre\lib\ext\zipfs.jar;C:\Program Files\Java\jdk1.8.0_66\jre\lib\javaws.jar;C:\Program Files\Java\jdk1.8.0_66\jre\lib\jce.jar;C:\Program Files\Java\jdk1.8.0_66\jre\lib\jfr.jar;C:\Program Files\Java\jdk1.8.0_66\jre\lib\jfxswt.jar;C:\Program Files\Java\jdk1.8.0_66\jre\lib\jsse.jar;C:\Program Files\Java\jdk1.8.0_66\jre\lib\management-agent.jar;C:\Program Files\Java\jdk1.8.0_66\jre\lib\plugin.jar;C:\Program Files\Java\jdk1.8.0_66\jre\lib\resources.jar;C:\Program Files\Java\jdk1.8.0_66\jre\lib\rt.jar;D:\Users\Administrator\IdeaProjects\untitled1\out\production\untitled;E:\Program Files (x86)\JetBrains\IntelliJ IDEA 2016.1\lib\idea_rt.jar
Launcher Type: SUN_STANDARD

Environment Variables:
JAVA_HOME=C:\Program Files\Java\jdk1.8.0_66
PATH=E:\csvn\bin\;E:\csvn\Python25\;C:\Windows\system32;C:\Windows;C:\Windows\System32\Wbem;C:\ProgramData\Oracle\Java\javapath;C:\Windows\system32;C:\Windows;C:\Windows\System32\Wbem;C:\Windows\System32\WindowsPowerShell\v1.0\;C:\Windows\System32;C:\Program Files (x86)\Windows Kits\8.1\Windows Performance Toolkit\;C:\Program Files\Microsoft SQL Server\110\Tools\Binn\;C:\Program Files (x86)\Microsoft SDKs\TypeScript\1.0\;C:\Program Files\Microsoft SQL Server\120\Tools\Binn\;C:\Program Files (x86)\MySQL\MySQL Fabric 1.5.3 & MySQL Utilities 1.5.3 1.5\;C:\Program Files (x86)\MySQL\MySQL Fabric 1.5.3 & MySQL Utilities 1.5.3 1.5\Doctrine extensions for PHP\;C:\Program Files (x86)\Microsoft SQL Server\110\Tools\Binn\;C:\Program Files\Microsoft SQL Server\110\DTS\Binn\;C:\Program Files (x86)\Microsoft SQL Server\110\Tools\Binn\ManagementStudio\;C:\Program Files (x86)\Microsoft Visual Studio 10.0\Common7\IDE\PrivateAssemblies\;C:\Program Files (x86)\Microsoft SQL Server\110\DTS\Binn\;E:\proceder\adt-bundle-windows-x86_64-20140321\sdk\platform-tools;E:\proceder\adt-bundle-windows-x86_64-20140321\sdk\tools;C:\Program Files (x86)\GtkSharp\2.12\bin;E:\Program Files (x86)\QuickTime\QTSystem\;E:\Program Files\TortoiseSVN\bin;E:\Program Files (x86)\VisualSVN Server\bin;E:\Program Files\TortoiseGit\bin;H:\1Work\ikvm-7.2.4630.5\bin;C:\Program Files\Java\jdk1.8.0_66;H:\android-ndk-r9c
USERNAME=Administrator
OS=Windows_NT
PROCESSOR_IDENTIFIER=Intel64 Family 6 Model 58 Stepping 9, GenuineIntel



---------------  S Y S T E M  ---------------

OS: Windows 7 , 64 bit Build 7601 (6.1.7601.19135)

CPU:total 4 (2 cores per cpu, 2 threads per core) family 6 model 58 stepping 9, cmov, cx8, fxsr, mmx, sse, sse2, sse3, ssse3, sse4.1, sse4.2, popcnt, avx, aes, clmul, erms, ht, tsc, tscinvbit, tscinv

Memory: 4k page, physical 8335472k(1939888k free), swap 16669108k(6028080k free)

vm_info: Java HotSpot(TM) 64-Bit Server VM (25.66-b18) for windows-amd64 JRE (1.8.0_66-b18), built on Nov  9 2015 10:51:13 by "java_re" with MS VC++ 10.0 (VS2010)

time: Thu Sep 15 15:17:24 2016
elapsed time: 711 seconds (0d 0h 11m 51s)

